2024-08-23 19:11:38,982 INFO: Reading line: Agent wins! [in /Users/hshi/Desktop/Clubstuffs/Fireball Tournament/app.py:183]
2024-08-23 19:11:38,983 INFO: Reading line: Progress: 1199/1200 matches completed [in /Users/hshi/Desktop/Clubstuffs/Fireball Tournament/app.py:183]
2024-08-23 19:11:38,983 INFO: Reading line: Agent vs Agent: load vs load [in /Users/hshi/Desktop/Clubstuffs/Fireball Tournament/app.py:183]
2024-08-23 19:11:38,983 INFO: Reading line: Agent vs Agent: shield vs fireball [in /Users/hshi/Desktop/Clubstuffs/Fireball Tournament/app.py:183]
2024-08-23 19:11:38,983 INFO: Reading line: Agent vs Agent: load vs load [in /Users/hshi/Desktop/Clubstuffs/Fireball Tournament/app.py:183]
2024-08-23 19:11:38,983 INFO: Reading line: Agent vs Agent: shield vs fireball [in /Users/hshi/Desktop/Clubstuffs/Fireball Tournament/app.py:183]
2024-08-23 19:11:38,983 INFO: Reading line: Agent vs Agent: load vs shield [in /Users/hshi/Desktop/Clubstuffs/Fireball Tournament/app.py:183]
2024-08-23 19:11:38,983 INFO: Reading line: Agent vs Agent: load vs load [in /Users/hshi/Desktop/Clubstuffs/Fireball Tournament/app.py:183]
2024-08-23 19:11:38,983 INFO: Reading line: Agent vs Agent: shield vs shield [in /Users/hshi/Desktop/Clubstuffs/Fireball Tournament/app.py:183]
2024-08-23 19:11:38,983 INFO: Reading line: Agent vs Agent: shield vs fireball [in /Users/hshi/Desktop/Clubstuffs/Fireball Tournament/app.py:183]
2024-08-23 19:11:38,983 INFO: Reading line: Agent vs Agent: load vs shield [in /Users/hshi/Desktop/Clubstuffs/Fireball Tournament/app.py:183]
2024-08-23 19:11:38,983 INFO: Reading line: Agent vs Agent: load vs load [in /Users/hshi/Desktop/Clubstuffs/Fireball Tournament/app.py:183]
2024-08-23 19:11:38,983 INFO: Reading line: Agent vs Agent: shield vs load [in /Users/hshi/Desktop/Clubstuffs/Fireball Tournament/app.py:183]
2024-08-23 19:11:38,983 INFO: Reading line: Agent vs Agent: mirror vs fireball [in /Users/hshi/Desktop/Clubstuffs/Fireball Tournament/app.py:183]
2024-08-23 19:11:38,983 INFO: Reading line: Agent wins! [in /Users/hshi/Desktop/Clubstuffs/Fireball Tournament/app.py:183]
2024-08-23 19:11:38,983 INFO: Reading line: Progress: 1200/1200 matches completed [in /Users/hshi/Desktop/Clubstuffs/Fireball Tournament/app.py:183]
2024-08-23 19:11:38,983 INFO: Reading line:  [in /Users/hshi/Desktop/Clubstuffs/Fireball Tournament/app.py:183]
2024-08-23 19:11:38,983 INFO: Reading line: Tournament Results: [in /Users/hshi/Desktop/Clubstuffs/Fireball Tournament/app.py:183]
2024-08-23 19:11:38,983 INFO: Found 'Tournament Results:' line, starting to parse results [in /Users/hshi/Desktop/Clubstuffs/Fireball Tournament/app.py:186]
2024-08-23 19:11:38,983 INFO: Reading line: dj_agent: 620.0000000000031 points [in /Users/hshi/Desktop/Clubstuffs/Fireball Tournament/app.py:183]
2024-08-23 19:11:38,983 INFO: Parsed result: dj_agent = 620.0000000000031 [in /Users/hshi/Desktop/Clubstuffs/Fireball Tournament/app.py:195]
2024-08-23 19:11:38,983 INFO: Reading line: qp_agent: 620.000000000002 points [in /Users/hshi/Desktop/Clubstuffs/Fireball Tournament/app.py:183]
2024-08-23 19:11:38,983 INFO: Parsed result: qp_agent = 620.000000000002 [in /Users/hshi/Desktop/Clubstuffs/Fireball Tournament/app.py:195]
2024-08-23 19:11:38,983 INFO: Reading line: sample_agent: 200 points [in /Users/hshi/Desktop/Clubstuffs/Fireball Tournament/app.py:183]
2024-08-23 19:11:38,983 INFO: Parsed result: sample_agent = 200.0 [in /Users/hshi/Desktop/Clubstuffs/Fireball Tournament/app.py:195]
2024-08-23 19:11:38,983 INFO: Reading line: passive_agent: 0 points [in /Users/hshi/Desktop/Clubstuffs/Fireball Tournament/app.py:183]
2024-08-23 19:11:38,983 INFO: Parsed result: passive_agent = 0.0 [in /Users/hshi/Desktop/Clubstuffs/Fireball Tournament/app.py:195]
2024-08-23 19:11:38,983 INFO: --- Finished parsing tournament results --- [in /Users/hshi/Desktop/Clubstuffs/Fireball Tournament/app.py:200]
2024-08-23 19:11:38,983 INFO: Final parsed results: {'dj_agent': 620.0000000000031, 'qp_agent': 620.000000000002, 'sample_agent': 200.0, 'passive_agent': 0.0} [in /Users/hshi/Desktop/Clubstuffs/Fireball Tournament/app.py:201]
2024-08-23 19:11:38,983 INFO: Tournament results parsed: {'dj_agent': 620.0, 'qp_agent': 620.0, 'sample_agent': 200.0, 'passive_agent': 0.0} [in /Users/hshi/Desktop/Clubstuffs/Fireball Tournament/app.py:274]
